11/27/2024 05:46:56 PM: INFO: ***** Testing Create Project using blank project with required fields only *****
11/27/2024 05:47:02 PM: INFO: Test Case 1
11/27/2024 05:47:03 PM: INFO: Entered username: aliantest385+9500@gmail.com.
11/27/2024 05:47:03 PM: INFO: Entered password.
11/27/2024 05:47:03 PM: INFO: Clicked on Login button.
11/27/2024 05:47:05 PM: INFO: Home page title verified.
11/27/2024 05:47:05 PM: INFO: Logged in successfully.
11/27/2024 05:47:10 PM: INFO: Step-1: Project Type - Blank Project or Use a Template
11/27/2024 05:47:11 PM: INFO: Step-2: Project Detail
11/27/2024 05:47:11 PM: INFO: Generated project name: Project Test Ca4fac74, project key: PROJ-B4B5A140
11/27/2024 05:47:12 PM: INFO: Step-3: Project Avatar or Project Color
11/27/2024 05:47:12 PM: INFO: Step-4: Project Type - Public Project or Private Project
11/27/2024 05:47:12 PM: INFO: Step-5: Task Type - Add the type of tasks you need
11/27/2024 05:47:12 PM: INFO: Step-6: Project Status - Add the statuses for the project
11/27/2024 05:47:13 PM: INFO: Step-7: Task Status - Set up the statuses for tasks
11/27/2024 05:47:13 PM: INFO: Step-8: Enable Apps - Priority, Multiple Assignees, Time Estimate, Milestones, Tags, Custom Fields, Time Tracking, and AI
11/27/2024 05:47:13 PM: INFO: Step-9: Enable Views - List, Board, Project Details, Comments, Calendar, Activity, Workload, and Table
11/27/2024 05:47:13 PM: INFO: Step-10: Project Summary - Details of the Project setup
11/27/2024 05:47:15 PM: INFO: Toast message: Project data has been added successfully
11/27/2024 06:09:54 PM: INFO: ***** Testing Create Project using blank project with required fields only *****
11/27/2024 06:10:00 PM: INFO: Entered username: aliantest385+9500@gmail.com.
11/27/2024 06:10:01 PM: INFO: Entered password.
11/27/2024 06:10:01 PM: INFO: Clicked on Login button.
11/27/2024 06:10:10 PM: INFO: Home page title verified.
11/27/2024 06:10:10 PM: INFO: Logged in successfully.
11/27/2024 06:10:31 PM: INFO: Step-1: Project Type - Blank Project or Use a Template
11/27/2024 06:10:31 PM: INFO: Step-2: Project Detail
11/27/2024 06:10:31 PM: INFO: Generated project name: Project Test 6f8317a6, project key: PROJ-30266AE5
11/27/2024 06:10:32 PM: INFO: Step-3: Project Avatar or Project Color
11/27/2024 06:10:32 PM: INFO: Step-4: Project Type - Public Project or Private Project
11/27/2024 06:10:33 PM: INFO: Step-5: Task Type - Add the type of tasks you need
11/27/2024 06:10:33 PM: INFO: Step-6: Project Status - Add the statuses for the project
11/27/2024 06:10:33 PM: INFO: Step-7: Task Status - Set up the statuses for tasks
11/27/2024 06:10:33 PM: INFO: Step-8: Enable Apps - Priority, Multiple Assignees, Time Estimate, Milestones, Tags, Custom Fields, Time Tracking, and AI
11/27/2024 06:10:33 PM: INFO: Step-9: Enable Views - List, Board, Project Details, Comments, Calendar, Activity, Workload, and Table
11/27/2024 06:10:33 PM: INFO: Step-10: Project Summary - Details of the Project setup
11/27/2024 06:10:35 PM: INFO: Toast message: Project data has been added successfully
11/27/2024 06:11:05 PM: INFO: ***** Testing Create Project using template with required fields only *****
11/27/2024 06:11:11 PM: INFO: Entered username: aliantest385+9500@gmail.com.
11/27/2024 06:11:11 PM: INFO: Entered password.
11/27/2024 06:11:11 PM: INFO: Clicked on Login button.
11/27/2024 06:11:13 PM: INFO: Home page title verified.
11/27/2024 06:11:13 PM: INFO: Logged in successfully.
11/27/2024 06:11:38 PM: INFO: Generated project name: Project Test 9458999a, project key: PROJ-13D88274
11/27/2024 06:12:07 PM: INFO: Toast message: Project data has been added successfully
11/27/2024 06:12:32 PM: INFO: Project name verification testcase passed
11/27/2024 06:12:36 PM: INFO: ***** Testing Create Project using blank project with all fields *****
11/27/2024 06:12:42 PM: INFO: Entered username: aliantest385+9500@gmail.com.
11/27/2024 06:12:42 PM: INFO: Entered password.
11/27/2024 06:12:42 PM: INFO: Clicked on Login button.
11/27/2024 06:12:44 PM: INFO: Home page title verified.
11/27/2024 06:12:44 PM: INFO: Logged in successfully.
11/27/2024 06:12:49 PM: INFO: Step-1: Project Type - Blank Project or Use a Template
11/27/2024 06:12:50 PM: INFO: Step-2: Project Detail
11/27/2024 06:12:50 PM: INFO: Generated project name: Project Test D8c57d22, project key: PROJ-7C480C87
11/27/2024 06:12:52 PM: INFO: Step-3: Project Avatar or Project Color
11/27/2024 06:12:55 PM: INFO: Step-4: Project Type - Public Project or Private Project
11/27/2024 06:12:55 PM: INFO: Step-5: Task Type - Add the type of tasks you need
11/27/2024 06:12:58 PM: ERROR: An error occurred: Message: element click intercepted: Element <span data-v-92031580="" class="taskInnerData">...</span> is not clickable at point (1682, 329). Other element would receive the click: <div data-v-35ef1933="" class="bg-white sidebar_item_main hover-bg-blue hover-white cursor-pointer d-flex align-items-center justify-content-between mobile-listuser">...</div>
  (Session info: chrome=131.0.6778.86)
Stacktrace:
	GetHandleVerifier [0x00007FF63F666CB5+28821]
	(No symbol) [0x00007FF63F5D3840]
	(No symbol) [0x00007FF63F47578A]
	(No symbol) [0x00007FF63F4D0E8E]
	(No symbol) [0x00007FF63F4CE92C]
	(No symbol) [0x00007FF63F4CBAF6]
	(No symbol) [0x00007FF63F4CAA51]
	(No symbol) [0x00007FF63F4BCBA0]
	(No symbol) [0x00007FF63F4EF2FA]
	(No symbol) [0x00007FF63F4BC3F6]
	(No symbol) [0x00007FF63F4EF510]
	(No symbol) [0x00007FF63F50F412]
	(No symbol) [0x00007FF63F4EF0A3]
	(No symbol) [0x00007FF63F4BA778]
	(No symbol) [0x00007FF63F4BB8E1]
	GetHandleVerifier [0x00007FF63F99FCAD+3408013]
	GetHandleVerifier [0x00007FF63F9B741F+3504127]
	GetHandleVerifier [0x00007FF63F9AB5FD+3455453]
	GetHandleVerifier [0x00007FF63F72BDBB+835995]
	(No symbol) [0x00007FF63F5DEB5F]
	(No symbol) [0x00007FF63F5DA814]
	(No symbol) [0x00007FF63F5DA9AD]
	(No symbol) [0x00007FF63F5CA199]
	BaseThreadInitThunk [0x00007FFA27887374+20]
	RtlUserThreadStart [0x00007FFA2989CC91+33]

11/27/2024 06:23:06 PM: INFO: ***** Testing Create Project using blank project with required fields only *****
11/27/2024 06:23:12 PM: INFO: Entered username: aliantest385+9500@gmail.com.
11/27/2024 06:23:12 PM: INFO: Entered password.
11/27/2024 06:23:12 PM: INFO: Clicked on Login button.
11/27/2024 06:23:14 PM: INFO: Home page title verified.
11/27/2024 06:23:14 PM: INFO: Logged in successfully.
11/27/2024 06:23:18 PM: INFO: Step-1: Project Type - Blank Project or Use a Template
11/27/2024 06:23:19 PM: INFO: Step-2: Project Detail
11/27/2024 06:23:19 PM: INFO: Generated project name: Project Test 75965afb, project key: PROJ-E0D9F29D
11/27/2024 06:23:20 PM: INFO: Step-3: Project Avatar or Project Color
11/27/2024 06:23:20 PM: INFO: Step-4: Project Type - Public Project or Private Project
11/27/2024 06:23:20 PM: INFO: Step-5: Task Type - Add the type of tasks you need
11/27/2024 06:23:20 PM: INFO: Step-6: Project Status - Add the statuses for the project
11/27/2024 06:23:20 PM: INFO: Step-7: Task Status - Set up the statuses for tasks
11/27/2024 06:23:21 PM: INFO: Step-8: Enable Apps - Priority, Multiple Assignees, Time Estimate, Milestones, Tags, Custom Fields, Time Tracking, and AI
11/27/2024 06:23:21 PM: INFO: Step-9: Enable Views - List, Board, Project Details, Comments, Calendar, Activity, Workload, and Table
11/27/2024 06:23:21 PM: INFO: Step-10: Project Summary - Details of the Project setup
11/27/2024 06:23:24 PM: INFO: Toast message: Project data has been added successfully
11/27/2024 06:23:29 PM: ERROR: An error occurred: Project name mismatch. Expected: Project Test 75965afb, Found: Project Test 9458999a
assert 'Project Test 9458999a' == 'Project Test 75965afb'
  
  - Project Test 75965afb
  ?              ^  ^^ --
  + Project Test 9458999a
  ?              ^^ + ^^
11/27/2024 06:23:33 PM: INFO: ***** Testing Create Project using template with required fields only *****
11/27/2024 06:23:39 PM: INFO: Entered username: aliantest385+9500@gmail.com.
11/27/2024 06:23:39 PM: INFO: Entered password.
11/27/2024 06:23:39 PM: INFO: Clicked on Login button.
11/27/2024 06:23:41 PM: INFO: Home page title verified.
11/27/2024 06:23:41 PM: INFO: Logged in successfully.
11/27/2024 06:24:06 PM: INFO: Generated project name: Project Test C6f14114, project key: PROJ-7229319C
11/27/2024 06:24:35 PM: INFO: Toast message: Project data has been added successfully
11/27/2024 06:25:02 PM: INFO: Project name verification testcase passed
11/27/2024 06:25:06 PM: INFO: ***** Testing Create Project using blank project with all fields *****
11/27/2024 06:25:12 PM: INFO: Entered username: aliantest385+9500@gmail.com.
11/27/2024 06:25:12 PM: INFO: Entered password.
11/27/2024 06:25:12 PM: INFO: Clicked on Login button.
11/27/2024 06:25:14 PM: INFO: Home page title verified.
11/27/2024 06:25:14 PM: INFO: Logged in successfully.
11/27/2024 06:25:18 PM: INFO: Step-1: Project Type - Blank Project or Use a Template
11/27/2024 06:25:19 PM: INFO: Step-2: Project Detail
11/27/2024 06:25:19 PM: INFO: Generated project name: Project Test 5d4f1a15, project key: PROJ-52FB6EC4
11/27/2024 06:25:22 PM: INFO: Step-3: Project Avatar or Project Color
11/27/2024 06:25:24 PM: INFO: Step-4: Project Type - Public Project or Private Project
11/27/2024 06:25:24 PM: INFO: Step-5: Task Type - Add the type of tasks you need
11/27/2024 06:25:27 PM: ERROR: An error occurred: Message: element click intercepted: Element <span data-v-92031580="" class="taskInnerData">...</span> is not clickable at point (1682, 329). Other element would receive the click: <div data-v-35ef1933="" class="bg-white sidebar_item_main hover-bg-blue hover-white cursor-pointer d-flex align-items-center justify-content-between mobile-listuser">...</div>
  (Session info: chrome=131.0.6778.86)
Stacktrace:
	GetHandleVerifier [0x00007FF63F666CB5+28821]
	(No symbol) [0x00007FF63F5D3840]
	(No symbol) [0x00007FF63F47578A]
	(No symbol) [0x00007FF63F4D0E8E]
	(No symbol) [0x00007FF63F4CE92C]
	(No symbol) [0x00007FF63F4CBAF6]
	(No symbol) [0x00007FF63F4CAA51]
	(No symbol) [0x00007FF63F4BCBA0]
	(No symbol) [0x00007FF63F4EF2FA]
	(No symbol) [0x00007FF63F4BC3F6]
	(No symbol) [0x00007FF63F4EF510]
	(No symbol) [0x00007FF63F50F412]
	(No symbol) [0x00007FF63F4EF0A3]
	(No symbol) [0x00007FF63F4BA778]
	(No symbol) [0x00007FF63F4BB8E1]
	GetHandleVerifier [0x00007FF63F99FCAD+3408013]
	GetHandleVerifier [0x00007FF63F9B741F+3504127]
	GetHandleVerifier [0x00007FF63F9AB5FD+3455453]
	GetHandleVerifier [0x00007FF63F72BDBB+835995]
	(No symbol) [0x00007FF63F5DEB5F]
	(No symbol) [0x00007FF63F5DA814]
	(No symbol) [0x00007FF63F5DA9AD]
	(No symbol) [0x00007FF63F5CA199]
	BaseThreadInitThunk [0x00007FFA27887374+20]
	RtlUserThreadStart [0x00007FFA2989CC91+33]

11/27/2024 06:25:32 PM: INFO: ***** Testing Create Task *****
11/27/2024 06:25:38 PM: INFO: Entered username: aliantest385+9500@gmail.com.
11/27/2024 06:25:38 PM: INFO: Entered password.
11/27/2024 06:25:38 PM: INFO: Clicked on Login button.
11/27/2024 06:25:40 PM: INFO: Home page title verified.
11/27/2024 06:25:40 PM: INFO: Logged in successfully.
11/27/2024 06:26:02 PM: INFO: Navigated to the Projects section.
11/27/2024 06:26:03 PM: INFO: Selected project: Test Project
11/27/2024 06:26:03 PM: INFO: Project page title verified.
11/27/2024 06:26:07 PM: INFO: Task 'Task_767161' created successfully.
11/27/2024 06:26:28 PM: INFO: Verified task name: Task_767161
11/27/2024 06:26:32 PM: INFO: Testing Login with Valid Credentials
11/27/2024 06:26:38 PM: INFO: Entered username: aliantest385+9500@gmail.com.
11/27/2024 06:26:38 PM: INFO: Entered password.
11/27/2024 06:26:38 PM: INFO: Clicked on Login button.
11/27/2024 06:26:40 PM: INFO: Home page title verified.
11/27/2024 06:26:40 PM: INFO: Logged in successfully.
11/27/2024 06:26:43 PM: INFO: Login with valid credentials passed.
11/27/2024 06:26:47 PM: INFO: Testing Login with Invalid Credentials
11/27/2024 06:26:53 PM: INFO: Entered username: aliantesting8555@gmail.com.
11/27/2024 06:26:53 PM: INFO: Entered password.
11/27/2024 06:26:53 PM: INFO: Clicked on Login button.
11/27/2024 06:26:54 PM: INFO: Retrieved warning message: Invalid username or password.
11/27/2024 06:26:54 PM: INFO: Login with invalid credentials passed.
11/27/2024 06:26:58 PM: INFO: Testing Homepage Title
11/27/2024 06:27:05 PM: INFO: Homepage title verification passed.
11/27/2024 06:45:42 PM: INFO: ***** Testing Create Project using blank project with all fields *****
11/27/2024 06:45:48 PM: INFO: Entered username: aliantest385+9500@gmail.com.
11/27/2024 06:45:48 PM: INFO: Entered password.
11/27/2024 06:45:48 PM: INFO: Clicked on Login button.
11/27/2024 06:45:56 PM: INFO: Home page title verified.
11/27/2024 06:45:56 PM: INFO: Logged in successfully.
11/27/2024 06:46:14 PM: INFO: Step-1: Project Type - Blank Project or Use a Template
11/27/2024 06:46:15 PM: INFO: Step-2: Project Detail
11/27/2024 06:46:15 PM: INFO: Generated project name: Project Test Bffd1658, project key: PROJ-D130F155
11/27/2024 06:46:17 PM: INFO: Step-3: Project Avatar or Project Color
11/27/2024 06:46:19 PM: INFO: Step-4: Project Type - Public Project or Private Project
11/27/2024 06:46:20 PM: INFO: Step-5: Task Type - Add the type of tasks you need
11/27/2024 06:46:22 PM: INFO: Step-6: Project Status - Add the statuses for the project
11/27/2024 06:46:22 PM: INFO: Step-7: Task Status - Set up the statuses for tasks
11/27/2024 06:46:22 PM: INFO: Step-8: Enable Apps - Priority, Multiple Assignees, Time Estimate, Milestones, Tags, Custom Fields, Time Tracking, and AI
11/27/2024 06:46:23 PM: INFO: Step-9: Custom Field
11/27/2024 06:46:23 PM: INFO: Step-10: Enable Views - List, Board, Project Details, Comments, Calendar, Activity, Workload, and Table
11/27/2024 06:46:23 PM: INFO: Step-10: Project Summary - Details of the Project setup
11/27/2024 06:48:13 PM: INFO: Toast message: None
11/27/2024 06:51:05 PM: INFO: ***** Testing Create Project using blank project with all fields *****
11/27/2024 06:51:11 PM: INFO: Entered username: aliantest385+9500@gmail.com.
11/27/2024 06:51:11 PM: INFO: Entered password.
11/27/2024 06:51:11 PM: INFO: Clicked on Login button.
11/27/2024 06:51:14 PM: INFO: Home page title verified.
11/27/2024 06:51:14 PM: INFO: Logged in successfully.
11/27/2024 06:51:18 PM: INFO: Step-1: Project Type - Blank Project or Use a Template
11/27/2024 06:51:18 PM: INFO: Step-2: Project Detail
11/27/2024 06:51:18 PM: INFO: Generated project name: Project Test 547ac1b4, project key: PROJ-4CD105FF
11/27/2024 06:51:21 PM: INFO: Step-3: Project Avatar or Project Color
11/27/2024 06:51:23 PM: INFO: Step-4: Project Type - Public Project or Private Project
11/27/2024 06:51:24 PM: INFO: Step-5: Task Type - Add the type of tasks you need
11/27/2024 06:51:26 PM: INFO: Step-6: Project Status - Add the statuses for the project
11/27/2024 06:51:26 PM: INFO: Step-7: Task Status - Set up the statuses for tasks
11/27/2024 06:51:26 PM: INFO: Step-8: Enable Apps - Priority, Multiple Assignees, Time Estimate, Milestones, Tags, Custom Fields, Time Tracking, and AI
11/27/2024 06:51:26 PM: INFO: Step-9: Custom Field
11/27/2024 06:51:26 PM: INFO: Step-10: Enable Views - List, Board, Project Details, Comments, Calendar, Activity, Workload, and Table
11/27/2024 06:51:26 PM: INFO: Step-10: Project Summary - Details of the Project setup
11/27/2024 06:53:17 PM: INFO: Toast message: None
